d:\megatronics\pharmatrackpro\build\pharmatrackpro.dir\debug\vc145.pdb
d:\megatronics\pharmatrackpro\build\pharmatrackpro.dir\debug\mainwindow.obj
d:\megatronics\pharmatrackpro\build\pharmatrackpro.dir\debug\application.obj
d:\megatronics\pharmatrackpro\build\pharmatrackpro.dir\debug\main.obj
d:\megatronics\pharmatrackpro\build\pharmatrackpro.dir\debug\mocs_compilation_debug.obj
d:\megatronics\pharmatrackpro\build\pharmatrackpro.dir\debug\scannermanager.obj
d:\megatronics\pharmatrackpro\build\pharmatrackpro.dir\debug\serialportmanager.obj
d:\megatronics\pharmatrackpro\build\cmakefiles\generate.stamp
d:\megatronics\pharmatrackpro\build\debug\pharmatrackpro.exe
d:\megatronics\pharmatrackpro\build\debug\pharmatrackpro.pdb
d:\megatronics\pharmatrackpro\build\pharmatrackpro.dir\debug\pharmatrackpro.ilk
d:\megatronics\pharmatrackpro\build\pharmatrackpro.dir\debug\pharmatrackpro.tlog\cl.command.1.tlog
d:\megatronics\pharmatrackpro\build\pharmatrackpro.dir\debug\pharmatrackpro.tlog\cl.items.tlog
d:\megatronics\pharmatrackpro\build\pharmatrackpro.dir\debug\pharmatrackpro.tlog\cl.read.1.tlog
d:\megatronics\pharmatrackpro\build\pharmatrackpro.dir\debug\pharmatrackpro.tlog\cl.write.1.tlog
d:\megatronics\pharmatrackpro\build\pharmatrackpro.dir\debug\pharmatrackpro.tlog\custombuild.command.1.tlog
d:\megatronics\pharmatrackpro\build\pharmatrackpro.dir\debug\pharmatrackpro.tlog\custombuild.read.1.tlog
d:\megatronics\pharmatrackpro\build\pharmatrackpro.dir\debug\pharmatrackpro.tlog\custombuild.write.1.tlog
d:\megatronics\pharmatrackpro\build\pharmatrackpro.dir\debug\pharmatrackpro.tlog\link.command.1.tlog
d:\megatronics\pharmatrackpro\build\pharmatrackpro.dir\debug\pharmatrackpro.tlog\link.read.1.tlog
d:\megatronics\pharmatrackpro\build\pharmatrackpro.dir\debug\pharmatrackpro.tlog\link.secondary.1.tlog
d:\megatronics\pharmatrackpro\build\pharmatrackpro.dir\debug\pharmatrackpro.tlog\link.write.1.tlog
